{
  "RSpec": {
    "coverage": {
      "/home/nicolas/workspace/MHMR-TroubleshooterSystem/config/environment.rb": [
        null,
        1,
        null,
        null,
        1
      ],
      "/home/nicolas/workspace/MHMR-TroubleshooterSystem/config/application.rb": [
        1,
        null,
        null,
        1,
        1,
        1,
        1,
        1,
        null,
        null,
        1,
        null,
        1,
        null,
        null,
        null,
        null,
        1,
        1,
        null,
        null,
        null,
        null,
        null,
        null,
        null,
        null,
        null,
        null,
        null,
        null,
        null,
        null,
        null,
        null,
        null,
        null,
        null,
        null,
        null,
        null,
        null,
        1,
        null,
        null,
        1,
        null,
        null,
        1,
        null,
        1,
        null,
        null,
        null,
        null,
        null,
        null,
        null,
        null,
        null,
        null,
        1,
        null,
        null,
        1,
        null,
        null,
        1,
        null,
        null
      ],
      "/home/nicolas/workspace/MHMR-TroubleshooterSystem/config/boot.rb": [
        1,
        null,
        null,
        1,
        null,
        1
      ],
      "/home/nicolas/workspace/MHMR-TroubleshooterSystem/config/environments/test.rb": [
        1,
        null,
        null,
        null,
        null,
        null,
        null,
        1,
        null,
        null,
        1,
        1,
        null,
        null,
        1,
        null,
        null,
        1,
        1,
        null,
        null,
        1,
        null,
        null,
        1,
        null,
        null,
        null,
        null,
        1,
        null,
        null,
        1,
        null,
        null,
        1,
        null
      ],
      "/home/nicolas/workspace/MHMR-TroubleshooterSystem/config/initializers/backtrace_silencers.rb": [
        null,
        null,
        null,
        null,
        null,
        null,
        null
      ],
      "/home/nicolas/workspace/MHMR-TroubleshooterSystem/config/initializers/inflections.rb": [
        null,
        null,
        null,
        null,
        null,
        null,
        null,
        null,
        null,
        null,
        null,
        null,
        null,
        null,
        null
      ],
      "/home/nicolas/workspace/MHMR-TroubleshooterSystem/config/initializers/mime_types.rb": [
        null,
        null,
        null,
        null,
        null
      ],
      "/home/nicolas/workspace/MHMR-TroubleshooterSystem/config/initializers/secret_token.rb": [
        null,
        null,
        null,
        null,
        null,
        null,
        1
      ],
      "/home/nicolas/workspace/MHMR-TroubleshooterSystem/config/initializers/session_store.rb": [
        null,
        null,
        1,
        null,
        null,
        null,
        null,
        null
      ],
      "/home/nicolas/workspace/MHMR-TroubleshooterSystem/config/initializers/wrap_parameters.rb": [
        null,
        null,
        null,
        null,
        null,
        null,
        1,
        1,
        null,
        null,
        null,
        1,
        1,
        null
      ],
      "/home/nicolas/workspace/MHMR-TroubleshooterSystem/app/controllers/application_controller.rb": [
        1,
        1,
        null
      ],
      "/home/nicolas/workspace/MHMR-TroubleshooterSystem/app/helpers/application_helper.rb": [
        1,
        null
      ],
      "/home/nicolas/workspace/MHMR-TroubleshooterSystem/app/helpers/categories_helper.rb": [
        1,
        null
      ],
      "/home/nicolas/workspace/MHMR-TroubleshooterSystem/app/helpers/emails_helper.rb": [
        1,
        null
      ],
      "/home/nicolas/workspace/MHMR-TroubleshooterSystem/app/controllers/categories_controller.rb": [
        1,
        1,
        3,
        null,
        null,
        1,
        0,
        null,
        null,
        1,
        0,
        null,
        1,
        0,
        0,
        0,
        null,
        0,
        null,
        null,
        1,
        0,
        null,
        1,
        0,
        0,
        0,
        null,
        0,
        null,
        null,
        1,
        0,
        null,
        1,
        0,
        0,
        0,
        null,
        null
      ],
      "/home/nicolas/workspace/MHMR-TroubleshooterSystem/app/models/category.rb": [
        1,
        null,
        1,
        null
      ],
      "/home/nicolas/workspace/MHMR-TroubleshooterSystem/app/controllers/emails_controller.rb": [
        1,
        1,
        3,
        null,
        1,
        0,
        null,
        1,
        0,
        null,
        1,
        0,
        0,
        0,
        null,
        0,
        null,
        null,
        1,
        0,
        null,
        1,
        0,
        0,
        0,
        null,
        0,
        null,
        null,
        null,
        1,
        0,
        null,
        1,
        0,
        0,
        0,
        null,
        null
      ],
      "/home/nicolas/workspace/MHMR-TroubleshooterSystem/app/models/email.rb": [
        1,
        1,
        null
      ],
      "/home/nicolas/workspace/MHMR-TroubleshooterSystem/config/routes.rb": [
        1,
        1,
        1,
        1,
        1,
        null,
        null,
        null,
        null,
        null,
        null,
        null,
        null,
        null,
        null,
        null,
        null,
        null,
        null,
        null,
        null,
        null,
        null,
        null,
        null,
        null,
        null,
        null,
        null,
        null,
        null,
        null,
        null,
        null,
        null,
        null,
        null,
        null,
        null,
        null,
        null,
        null,
        null,
        null,
        null,
        null,
        null,
        null,
        null,
        null,
        null,
        null,
        null,
        null,
        null,
        null,
        null,
        null,
        null,
        null,
        null,
        null
      ],
      "/home/nicolas/workspace/MHMR-TroubleshooterSystem/spec/support/factory_girl.rb": [
        1,
        1,
        null
      ],
      "/home/nicolas/workspace/MHMR-TroubleshooterSystem/spec/controllers/emails_controller_spec.rb": [
        1,
        null,
        1,
        1,
        1,
        1,
        null,
        1,
        1,
        1,
        null,
        null,
        1,
        1,
        1,
        null,
        1,
        null,
        null
      ],
      "/home/nicolas/workspace/MHMR-TroubleshooterSystem/spec/models/category_spec.rb": [
        1,
        null,
        1,
        1,
        1,
        1,
        null,
        null
      ],
      "/home/nicolas/workspace/MHMR-TroubleshooterSystem/spec/models/email_spec.rb": [
        1,
        null,
        null,
        1,
        1,
        1,
        1,
        null,
        null
      ]
    },
    "timestamp": 1428788491
  }
}
